2019-Jan-17 18:15:57 Наличие необходимых модулей php (check_php_modules): Ok
Все необходимые модули установлены
2019-Jan-17 18:15:57 Обязательные параметры PHP (check_php_settings): Ok
Настройки правильные
2019-Jan-17 18:15:57 Модули веб-сервера (check_security): Ok
Конфликтов не выявлено
2019-Jan-17 18:15:57 Значения переменных сервера (check_server_vars): Ok
Корректные
2019-Jan-17 18:15:57 Сохранение сессии (check_session): Ok
50% done
2019-Jan-17 18:15:58 Сохранение сессии (check_session): Ok
Успешно
2019-Jan-17 18:15:58 Параметры настройки UTF (mbstring и константа BX_UTF) (check_mbstring): Ok
Правильные. Сайт работает в UTF кодировке
2019-Jan-17 18:15:58 Служебные скрипты в корне сайта (check_install_scripts): Fail
Ошибка! Файл существует: bitrix_server_test.php

2019-Jan-17 18:15:58 Работа с сокетами (check_socket): Ok
Connection to 4lapy-dev.articul.ru:80	Success

Успешно
2019-Jan-17 18:15:59 Выполнение агентов на cron (check_bx_crontab): Fail
Ошибка! Не настроен запуск cron_events.php на cron, последний агент отработал больше суток назад.
2019-Jan-17 18:15:59 Параметры подключения к базе данных (check_dbconn_settings): Ok
Успешно
2019-Jan-17 18:15:59 Лишний вывод в файлах конфигурации (check_dbconn): Ok
Connection to 4lapy-dev.articul.ru:80	Success

Успешно
2019-Jan-17 18:16:00 Сохранение сессии без UserAgent (check_session_ua): Ok
50% done
Connection to 4lapy-dev.articul.ru:80	Success

2019-Jan-17 18:16:00 Сохранение сессии без UserAgent (check_session_ua): Ok
Connection to 4lapy-dev.articul.ru:80	Success

Успешно
2019-Jan-17 18:16:00 Настройки сайтов (check_sites): Ok
Правильные
2019-Jan-17 18:16:01 Передача объектов по ссылке (check_clone): Ok
Успешно
2019-Jan-17 18:16:01 Размер стека и pcre.recursion_limit (check_pcre_recursion): Warning
Connection to 4lapy-dev.articul.ru:80	Success

Замечание. Возможны проблемы в работе с длинными строками из-за системных ограничений
2019-Jan-17 18:16:01 Загрузка файла (check_upload): Ok
Connection to 4lapy-dev.articul.ru:80	Success

Успешно
2019-Jan-17 18:16:01 Загрузка файла больше 4Мб (check_upload_big): Ok
Connection to 4lapy-dev.articul.ru:80	Success

Успешно
2019-Jan-17 18:16:02 Загрузка файла через php://input (check_upload_raw): Ok
Connection to 4lapy-dev.articul.ru:80	Success

Успешно
2019-Jan-17 18:16:02 Передача POST запроса с большим числом параметров (check_post): Ok
Connection to 4lapy-dev.articul.ru:80	Success

Успешно
2019-Jan-17 18:16:02 Отправка почты (check_mail): Fail
Ошибка! Не работает
2019-Jan-17 18:16:02 Отправка почтового сообщения больше 64Кб (check_mail_big): Fail
Ошибка! Не работает
2019-Jan-17 18:16:03 Проверка на наличие неотправленных сообщений (check_mail_b_event): Fail
Ошибка! Есть ошибки при отправке системных почтовых сообщений, число неотправленных сообщений: 37 Определена константа BX_CRONTAB_SUPPORT в /bitrix/php_interface/dbconn.php, при этом должен быть настроен вызов агентов на cron.
2019-Jan-17 18:16:03 Внутреннее перенаправление (функция LocalRedirect) (check_localredirect): Ok
50% done
Connection to 4lapy-dev.articul.ru:80	Success

2019-Jan-17 18:16:03 Внутреннее перенаправление (функция LocalRedirect) (check_localredirect): Ok
Connection to 4lapy-dev.articul.ru:80	Success

Успешно
2019-Jan-17 18:16:04 Фактическое ограничение памяти (check_memory_limit): Ok
20% done
Connection to 4lapy-dev.articul.ru:80	Success

2019-Jan-17 18:16:04 Фактическое ограничение памяти (check_memory_limit): Ok
40% done
Connection to 4lapy-dev.articul.ru:80	Success

2019-Jan-17 18:16:04 Фактическое ограничение памяти (check_memory_limit): Ok
60% done
Connection to 4lapy-dev.articul.ru:80	Success

2019-Jan-17 18:16:04 Фактическое ограничение памяти (check_memory_limit): Ok
80% done
Connection to 4lapy-dev.articul.ru:80	Success

2019-Jan-17 18:16:05 Фактическое ограничение памяти (check_memory_limit): Ok
Connection to 4lapy-dev.articul.ru:80	Success

Не менее 256 М
2019-Jan-17 18:16:05 Работа с файлами кеша (check_cache): Ok
Успешно
2019-Jan-17 18:16:06 Доступ к серверу обновлений (check_update): Ok
Успешно
2019-Jan-17 18:16:06 HTTP авторизация (check_http_auth): Ok
Connection to 4lapy-dev.articul.ru:80	Success

Успешно
2019-Jan-17 18:16:06 Создание и запуск файла (check_exec): Ok
Connection to 4lapy-dev.articul.ru:80	Success

Успешно
2019-Jan-17 18:16:06 Функция getimagesize для swf (check_getimagesize): Ok
Успешно
2019-Jan-17 18:16:07 Версия MySQL-сервера (check_mysql_bug_version): Ok
Успешно
2019-Jan-17 18:16:08 Время на БД и веб-сервере (check_mysql_time): Ok
Успешно
2019-Jan-17 18:16:08 Режим работы MySQL (check_mysql_mode): Ok
Успешно
2019-Jan-17 18:16:08 Кодировка соединения (check_mysql_connection_charset): Ok
character_set_connection=utf8, collation_connection=utf8_unicode_ci, character_set_results=utf8
Успешно
2019-Jan-17 18:16:08 Кодировка базы данных (check_mysql_db_charset): Ok
CHARSET=utf8, COLLATION=utf8_unicode_ci
Успешно
2019-Jan-17 18:16:10 Кодировки таблиц в БД (check_mysql_table_charset): Ok
Успешно
2019-Jan-17 18:16:10 Структура базы данных (check_mysql_table_structure): Ok
0% done
2019-Jan-17 18:16:10 Структура базы данных (check_mysql_table_structure): Ok
2% done
2019-Jan-17 18:16:10 Структура базы данных (check_mysql_table_structure): Ok
4% done
2019-Jan-17 18:16:11 Структура базы данных (check_mysql_table_structure): Ok
6% done
2019-Jan-17 18:16:11 Структура базы данных (check_mysql_table_structure): Ok
8% done
2019-Jan-17 18:16:11 Структура базы данных (check_mysql_table_structure): Ok
10% done
2019-Jan-17 18:16:11 Структура базы данных (check_mysql_table_structure): Ok
12% done
2019-Jan-17 18:16:12 Структура базы данных (check_mysql_table_structure): Ok
14% done
2019-Jan-17 18:16:13 Структура базы данных (check_mysql_table_structure): Ok
16% done
2019-Jan-17 18:16:13 Структура базы данных (check_mysql_table_structure): Ok
18% done
2019-Jan-17 18:16:13 Структура базы данных (check_mysql_table_structure): Ok
20% done
2019-Jan-17 18:16:13 Структура базы данных (check_mysql_table_structure): Ok
22% done
2019-Jan-17 18:16:14 Структура базы данных (check_mysql_table_structure): Ok
24% done
2019-Jan-17 18:16:14 Структура базы данных (check_mysql_table_structure): Ok
26% done
2019-Jan-17 18:16:14 Структура базы данных (check_mysql_table_structure): Ok
28% done
2019-Jan-17 18:16:15 Структура базы данных (check_mysql_table_structure): Ok
30% done
2019-Jan-17 18:16:15 Структура базы данных (check_mysql_table_structure): Ok
32% done
2019-Jan-17 18:16:15 Структура базы данных (check_mysql_table_structure): Ok
34% done
2019-Jan-17 18:16:16 Структура базы данных (check_mysql_table_structure): Ok
36% done
2019-Jan-17 18:16:16 Структура базы данных (check_mysql_table_structure): Ok
38% done
2019-Jan-17 18:16:17 Структура базы данных (check_mysql_table_structure): Ok
40% done
2019-Jan-17 18:16:17 Структура базы данных (check_mysql_table_structure): Ok
42% done
2019-Jan-17 18:16:17 Структура базы данных (check_mysql_table_structure): Ok
44% done
2019-Jan-17 18:16:18 Структура базы данных (check_mysql_table_structure): Ok
46% done
2019-Jan-17 18:16:18 Структура базы данных (check_mysql_table_structure): Ok
48% done
2019-Jan-17 18:16:18 Структура базы данных (check_mysql_table_structure): Ok
50% done
2019-Jan-17 18:16:20 Структура базы данных (check_mysql_table_structure): Ok
52% done
2019-Jan-17 18:16:20 Структура базы данных (check_mysql_table_structure): Ok
54% done
2019-Jan-17 18:16:20 Структура базы данных (check_mysql_table_structure): Ok
56% done
2019-Jan-17 18:16:21 Структура базы данных (check_mysql_table_structure): Ok
57% done
2019-Jan-17 18:16:21 Структура базы данных (check_mysql_table_structure): Ok
60% done
2019-Jan-17 18:16:21 Структура базы данных (check_mysql_table_structure): Ok
62% done
2019-Jan-17 18:16:24 Структура базы данных (check_mysql_table_structure): Ok
64% done
2019-Jan-17 18:16:24 Структура базы данных (check_mysql_table_structure): Ok
66% done
2019-Jan-17 18:16:24 Структура базы данных (check_mysql_table_structure): Ok
68% done
2019-Jan-17 18:16:25 Структура базы данных (check_mysql_table_structure): Ok
70% done
2019-Jan-17 18:16:25 Структура базы данных (check_mysql_table_structure): Ok
72% done
2019-Jan-17 18:16:26 Структура базы данных (check_mysql_table_structure): Ok
74% done
2019-Jan-17 18:16:26 Структура базы данных (check_mysql_table_structure): Ok
76% done
2019-Jan-17 18:16:26 Структура базы данных (check_mysql_table_structure): Ok
78% done
2019-Jan-17 18:16:27 Структура базы данных (check_mysql_table_structure): Ok
80% done
2019-Jan-17 18:16:27 Структура базы данных (check_mysql_table_structure): Ok
82% done
2019-Jan-17 18:16:28 Структура базы данных (check_mysql_table_structure): Ok
84% done
2019-Jan-17 18:16:28 Структура базы данных (check_mysql_table_structure): Ok
86% done
2019-Jan-17 18:16:28 Структура базы данных (check_mysql_table_structure): Ok
88% done
2019-Jan-17 18:16:28 Структура базы данных (check_mysql_table_structure): Ok
90% done
2019-Jan-17 18:16:29 Структура базы данных (check_mysql_table_structure): Ok
92% done
2019-Jan-17 18:16:29 Структура базы данных (check_mysql_table_structure): Ok
94% done
2019-Jan-17 18:16:29 Структура базы данных (check_mysql_table_structure): Ok
96% done
2019-Jan-17 18:16:29 Структура базы данных (check_mysql_table_structure): Ok
98% done
2019-Jan-17 18:16:30 Структура базы данных (check_mysql_table_structure): Ok
Успешно
